<?xml version="1.0" encoding="UTF-8"?>
<!-- Generated by org.testng.reporters.JUnitReportReporter -->
<testsuite skipped="0" hostname="M270967DZG3QD" name="com.projectName.testscripts.TC_001" tests="1" failures="0" timestamp="14 Aug 2018 20:43:12 GMT" time="2.241" errors="0">
  <testcase name="verifyGetLIST_USERS" time="2.241" classname="com.projectName.testscripts.TC_001"/>
</testsuite> <!-- com.projectName.testscripts.TC_001 -->
